2024-12-09 15:16:11,267 - Thread-3 (process_request_thread) - ThreadSafeLogger - INFO - Calling get_user_accounts with args: (AccountHandler(account_service=<src.app.services.account_service.AccountService object at 0x000002A321EBF770>, logger=<src.app.utils.logger.logger.Logger object at 0x000002A321EBC2F0>),), kwargs: {}
2024-12-09 15:16:11,268 - Thread-3 (process_request_thread) - ThreadSafeLogger - INFO - get_user_accounts executed successfully.
2024-12-09 17:26:11,999 - Thread-2 (process_request_thread) - ThreadSafeLogger - INFO - Calling login with args: (UserHandler(user_service=<src.app.services.user_service.UserService object at 0x000001CC5E20FA10>),), kwargs: {}
2024-12-09 17:26:12,237 - Thread-2 (process_request_thread) - ThreadSafeLogger - INFO - login executed successfully.
2024-12-09 17:27:44,363 - Thread-2 (process_request_thread) - ThreadSafeLogger - INFO - Calling get_all_banks with args: (BankHandler(bank_service=<src.app.services.bank_service.BankService object at 0x000001E7DA40F620>, logger=<src.app.utils.logger.logger.Logger object at 0x000001E7DA40C2F0>),), kwargs: {}
2024-12-09 17:27:44,366 - Thread-2 (process_request_thread) - ThreadSafeLogger - INFO - get_all_banks executed successfully.
2024-12-09 17:27:49,757 - Thread-3 (process_request_thread) - ThreadSafeLogger - INFO - Calling get_user_banks with args: (BankHandler(bank_service=<src.app.services.bank_service.BankService object at 0x000001E7DA40F620>, logger=<src.app.utils.logger.logger.Logger object at 0x000001E7DA40C2F0>),), kwargs: {}
2024-12-09 17:27:49,760 - Thread-3 (process_request_thread) - ThreadSafeLogger - INFO - get_user_banks executed successfully.
2024-12-09 17:27:55,861 - Thread-4 (process_request_thread) - ThreadSafeLogger - INFO - Calling get_available_banks_for_user with args: (BankHandler(bank_service=<src.app.services.bank_service.BankService object at 0x000001E7DA40F620>, logger=<src.app.utils.logger.logger.Logger object at 0x000001E7DA40C2F0>),), kwargs: {}
2024-12-09 17:27:55,864 - Thread-4 (process_request_thread) - ThreadSafeLogger - INFO - get_available_banks_for_user executed successfully.
2024-12-09 17:28:09,305 - Thread-5 (process_request_thread) - ThreadSafeLogger - INFO - Calling create_bank with args: (BankHandler(bank_service=<src.app.services.bank_service.BankService object at 0x000001E7DA40F620>, logger=<src.app.utils.logger.logger.Logger object at 0x000001E7DA40C2F0>),), kwargs: {}
2024-12-09 17:28:09,320 - Thread-5 (process_request_thread) - ThreadSafeLogger - INFO - create_bank executed successfully.
2024-12-09 17:28:14,761 - Thread-6 (process_request_thread) - ThreadSafeLogger - INFO - Calling get_all_banks with args: (BankHandler(bank_service=<src.app.services.bank_service.BankService object at 0x000001E7DA40F620>, logger=<src.app.utils.logger.logger.Logger object at 0x000001E7DA40C2F0>),), kwargs: {}
2024-12-09 17:28:14,762 - Thread-6 (process_request_thread) - ThreadSafeLogger - INFO - get_all_banks executed successfully.
2024-12-09 17:28:19,396 - Thread-7 (process_request_thread) - ThreadSafeLogger - INFO - Calling get_available_banks_for_user with args: (BankHandler(bank_service=<src.app.services.bank_service.BankService object at 0x000001E7DA40F620>, logger=<src.app.utils.logger.logger.Logger object at 0x000001E7DA40C2F0>),), kwargs: {}
2024-12-09 17:28:19,397 - Thread-7 (process_request_thread) - ThreadSafeLogger - INFO - get_available_banks_for_user executed successfully.
2024-12-09 17:28:29,429 - Thread-8 (process_request_thread) - ThreadSafeLogger - INFO - Calling get_bank_branches with args: (BranchHandler(branch_service=<src.app.services.branch_service.BranchService object at 0x000001E7DA40F770>),), kwargs: {'bank_id': 'b0b2c0d8-f483-430b-a782-44875f1000cd'}
2024-12-09 17:28:29,431 - Thread-8 (process_request_thread) - ThreadSafeLogger - INFO - get_bank_branches executed successfully.
2024-12-09 17:28:55,345 - Thread-9 (process_request_thread) - ThreadSafeLogger - INFO - Calling get_user_accounts with args: (AccountHandler(account_service=<src.app.services.account_service.AccountService object at 0x000001E7DA40F8C0>, logger=<src.app.utils.logger.logger.Logger object at 0x000001E7DA40C2F0>),), kwargs: {}
2024-12-09 17:28:55,345 - Thread-9 (process_request_thread) - ThreadSafeLogger - INFO - get_user_accounts executed successfully.
2024-12-09 17:29:17,648 - Thread-10 (process_request_thread) - ThreadSafeLogger - INFO - Calling login with args: (UserHandler(user_service=<src.app.services.user_service.UserService object at 0x000001E7DA40FB60>),), kwargs: {}
2024-12-09 17:29:17,877 - Thread-10 (process_request_thread) - ThreadSafeLogger - INFO - login executed successfully.
2024-12-09 17:29:21,078 - Thread-11 (process_request_thread) - ThreadSafeLogger - INFO - Calling get_user_accounts with args: (AccountHandler(account_service=<src.app.services.account_service.AccountService object at 0x000001E7DA40F8C0>, logger=<src.app.utils.logger.logger.Logger object at 0x000001E7DA40C2F0>),), kwargs: {}
2024-12-09 17:29:21,079 - Thread-11 (process_request_thread) - ThreadSafeLogger - INFO - get_user_accounts executed successfully.
2024-12-09 17:29:32,935 - Thread-12 (process_request_thread) - ThreadSafeLogger - INFO - Calling create_transaction with args: (TransactionHandler(transaction_service=<src.app.services.transaction_service.TransactionService object at 0x000001E7DA40FA10>),), kwargs: {}
2024-12-09 17:29:32,943 - Thread-12 (process_request_thread) - ThreadSafeLogger - INFO - create_transaction executed successfully.
2024-12-09 17:29:36,924 - Thread-13 (process_request_thread) - ThreadSafeLogger - INFO - Calling get_user_accounts with args: (AccountHandler(account_service=<src.app.services.account_service.AccountService object at 0x000001E7DA40F8C0>, logger=<src.app.utils.logger.logger.Logger object at 0x000001E7DA40C2F0>),), kwargs: {}
2024-12-09 17:29:36,925 - Thread-13 (process_request_thread) - ThreadSafeLogger - INFO - get_user_accounts executed successfully.
2024-12-09 17:29:41,280 - Thread-14 (process_request_thread) - ThreadSafeLogger - INFO - Calling get_user_accounts with args: (AccountHandler(account_service=<src.app.services.account_service.AccountService object at 0x000001E7DA40F8C0>, logger=<src.app.utils.logger.logger.Logger object at 0x000001E7DA40C2F0>),), kwargs: {}
2024-12-09 17:29:41,281 - Thread-14 (process_request_thread) - ThreadSafeLogger - INFO - get_user_accounts executed successfully.
2024-12-09 17:29:44,823 - Thread-15 (process_request_thread) - ThreadSafeLogger - INFO - Calling view_transaction with args: (TransactionHandler(transaction_service=<src.app.services.transaction_service.TransactionService object at 0x000001E7DA40FA10>),), kwargs: {}
2024-12-09 17:29:44,825 - Thread-15 (process_request_thread) - ThreadSafeLogger - INFO - view_transaction executed successfully.
2024-12-09 17:30:51,436 - Thread-16 (process_request_thread) - ThreadSafeLogger - INFO - Calling create_transaction with args: (TransactionHandler(transaction_service=<src.app.services.transaction_service.TransactionService object at 0x000001E7DA40FA10>),), kwargs: {}
2024-12-09 17:30:51,443 - Thread-16 (process_request_thread) - ThreadSafeLogger - INFO - create_transaction executed successfully.
2024-12-09 17:31:39,423 - Thread-17 (process_request_thread) - ThreadSafeLogger - INFO - Calling get_user_accounts with args: (AccountHandler(account_service=<src.app.services.account_service.AccountService object at 0x000001E7DA40F8C0>, logger=<src.app.utils.logger.logger.Logger object at 0x000001E7DA40C2F0>),), kwargs: {}
2024-12-09 17:31:39,425 - Thread-17 (process_request_thread) - ThreadSafeLogger - INFO - get_user_accounts executed successfully.
2024-12-10 09:45:03,802 - Thread-2 (process_request_thread) - ThreadSafeLogger - INFO - Calling login with args: (UserHandler(user_service=<src.app.services.user_service.UserService object at 0x000002951A4AFA10>),), kwargs: {}
2024-12-10 09:45:04,086 - Thread-2 (process_request_thread) - ThreadSafeLogger - INFO - login executed successfully.
2024-12-10 09:45:16,856 - Thread-3 (process_request_thread) - ThreadSafeLogger - INFO - Calling signup with args: (UserHandler(user_service=<src.app.services.user_service.UserService object at 0x000002951A4AFA10>),), kwargs: {}
2024-12-10 09:45:16,858 - Thread-3 (process_request_thread) - ThreadSafeLogger - INFO - signup executed successfully.
2024-12-10 09:45:23,695 - Thread-4 (process_request_thread) - ThreadSafeLogger - INFO - Calling signup with args: (UserHandler(user_service=<src.app.services.user_service.UserService object at 0x000002951A4AFA10>),), kwargs: {}
2024-12-10 09:45:24,292 - Thread-4 (process_request_thread) - ThreadSafeLogger - INFO - signup executed successfully.
2024-12-10 09:47:57,744 - Thread-2 (process_request_thread) - ThreadSafeLogger - INFO - Calling signup with args: (UserHandler(user_service=<src.app.services.user_service.UserService object at 0x0000016FAB1BFA10>),), kwargs: {}
2024-12-10 09:47:58,049 - Thread-2 (process_request_thread) - ThreadSafeLogger - INFO - signup executed successfully.
2024-12-10 09:49:19,463 - Thread-2 (process_request_thread) - ThreadSafeLogger - INFO - Calling signup with args: (UserHandler(user_service=<src.app.services.user_service.UserService object at 0x00000288B20BFA10>),), kwargs: {}
2024-12-10 09:49:19,728 - Thread-2 (process_request_thread) - ThreadSafeLogger - INFO - signup executed successfully.
2024-12-10 10:07:26,081 - Thread-2 (process_request_thread) - ThreadSafeLogger - INFO - Calling signup with args: (UserHandler(user_service=<src.app.services.user_service.UserService object at 0x000001E7E320FA10>),), kwargs: {}
2024-12-10 10:07:26,086 - Thread-2 (process_request_thread) - ThreadSafeLogger - INFO - signup executed successfully.
2024-12-10 10:09:45,536 - Thread-2 (process_request_thread) - ThreadSafeLogger - INFO - Calling login with args: (UserHandler(user_service=<src.app.services.user_service.UserService object at 0x000001A67942FA10>),), kwargs: {}
2024-12-10 10:09:45,816 - Thread-2 (process_request_thread) - ThreadSafeLogger - INFO - login executed successfully.
2024-12-10 10:09:56,938 - Thread-4 (process_request_thread) - ThreadSafeLogger - INFO - Calling login with args: (UserHandler(user_service=<src.app.services.user_service.UserService object at 0x000001A67942FA10>),), kwargs: {}
2024-12-10 10:09:57,473 - Thread-4 (process_request_thread) - ThreadSafeLogger - INFO - login executed successfully.
2024-12-10 10:10:01,255 - Thread-5 (process_request_thread) - ThreadSafeLogger - INFO - Calling get_user_accounts with args: (AccountHandler(account_service=<src.app.services.account_service.AccountService object at 0x000001A67942F770>, logger=<src.app.utils.logger.logger.Logger object at 0x000001A67942C2F0>),), kwargs: {}
2024-12-10 10:10:01,260 - Thread-5 (process_request_thread) - ThreadSafeLogger - INFO - get_user_accounts executed successfully.
2024-12-10 10:10:26,227 - Thread-6 (process_request_thread) - ThreadSafeLogger - INFO - Calling create_transaction with args: (TransactionHandler(transaction_service=<src.app.services.transaction_service.TransactionService object at 0x000001A67942F8C0>),), kwargs: {}
2024-12-10 10:10:26,252 - Thread-6 (process_request_thread) - ThreadSafeLogger - INFO - create_transaction executed successfully.
2024-12-10 10:10:30,981 - Thread-7 (process_request_thread) - ThreadSafeLogger - INFO - Calling get_user_accounts with args: (AccountHandler(account_service=<src.app.services.account_service.AccountService object at 0x000001A67942F770>, logger=<src.app.utils.logger.logger.Logger object at 0x000001A67942C2F0>),), kwargs: {}
2024-12-10 10:10:30,984 - Thread-7 (process_request_thread) - ThreadSafeLogger - INFO - get_user_accounts executed successfully.
2024-12-10 10:10:42,383 - Thread-8 (process_request_thread) - ThreadSafeLogger - INFO - Calling create_transaction with args: (TransactionHandler(transaction_service=<src.app.services.transaction_service.TransactionService object at 0x000001A67942F8C0>),), kwargs: {}
2024-12-10 10:10:42,384 - Thread-8 (process_request_thread) - ThreadSafeLogger - INFO - create_transaction executed successfully.
2024-12-10 10:11:28,574 - Thread-2 (process_request_thread) - ThreadSafeLogger - INFO - Calling create_transaction with args: (TransactionHandler(transaction_service=<src.app.services.transaction_service.TransactionService object at 0x000001C76F89F8C0>),), kwargs: {}
2024-12-10 10:11:28,577 - Thread-2 (process_request_thread) - ThreadSafeLogger - INFO - create_transaction executed successfully.
2024-12-10 10:11:48,526 - Thread-2 (process_request_thread) - ThreadSafeLogger - INFO - Calling create_transaction with args: (TransactionHandler(transaction_service=<src.app.services.transaction_service.TransactionService object at 0x000002180A04F8C0>),), kwargs: {}
2024-12-10 10:11:48,529 - Thread-2 (process_request_thread) - ThreadSafeLogger - INFO - create_transaction executed successfully.
2024-12-10 10:12:59,984 - Thread-2 (process_request_thread) - ThreadSafeLogger - INFO - Calling create_transaction with args: (TransactionHandler(transaction_service=<src.app.services.transaction_service.TransactionService object at 0x000001D2A548F8C0>),), kwargs: {}
2024-12-10 10:12:59,986 - Thread-2 (process_request_thread) - ThreadSafeLogger - INFO - create_transaction executed successfully.
2024-12-10 10:13:12,915 - Thread-2 (process_request_thread) - ThreadSafeLogger - INFO - Calling create_transaction with args: (TransactionHandler(transaction_service=<src.app.services.transaction_service.TransactionService object at 0x0000018F6103F8C0>),), kwargs: {}
2024-12-10 10:13:12,922 - Thread-2 (process_request_thread) - ThreadSafeLogger - INFO - create_transaction executed successfully.
2024-12-10 10:14:15,234 - Thread-2 (process_request_thread) - ThreadSafeLogger - INFO - Calling create_transaction with args: (TransactionHandler(transaction_service=<src.app.services.transaction_service.TransactionService object at 0x000001FE7DD4F8C0>),), kwargs: {}
2024-12-10 10:14:15,251 - Thread-2 (process_request_thread) - ThreadSafeLogger - INFO - create_transaction executed successfully.
2024-12-10 10:15:13,272 - Thread-2 (process_request_thread) - ThreadSafeLogger - INFO - Calling create_transaction with args: (TransactionHandler(transaction_service=<src.app.services.transaction_service.TransactionService object at 0x000001FD45D9F8C0>),), kwargs: {}
2024-12-10 10:15:13,288 - Thread-2 (process_request_thread) - ThreadSafeLogger - INFO - create_transaction executed successfully.
2024-12-10 10:21:48,740 - Thread-2 (process_request_thread) - ThreadSafeLogger - INFO - Calling create_transaction with args: (TransactionHandler(transaction_service=<src.app.services.transaction_service.TransactionService object at 0x0000027A5700F8C0>),), kwargs: {}
2024-12-10 10:21:48,773 - Thread-2 (process_request_thread) - ThreadSafeLogger - INFO - create_transaction executed successfully.
2024-12-10 10:21:52,888 - Thread-3 (process_request_thread) - ThreadSafeLogger - INFO - Calling get_user_accounts with args: (AccountHandler(account_service=<src.app.services.account_service.AccountService object at 0x0000027A5700F770>, logger=<src.app.utils.logger.logger.Logger object at 0x0000027A5700C2F0>),), kwargs: {}
2024-12-10 10:21:52,891 - Thread-3 (process_request_thread) - ThreadSafeLogger - INFO - get_user_accounts executed successfully.
2024-12-10 10:21:57,554 - Thread-4 (process_request_thread) - ThreadSafeLogger - INFO - Calling get_user_accounts with args: (AccountHandler(account_service=<src.app.services.account_service.AccountService object at 0x0000027A5700F770>, logger=<src.app.utils.logger.logger.Logger object at 0x0000027A5700C2F0>),), kwargs: {}
2024-12-10 10:21:57,558 - Thread-4 (process_request_thread) - ThreadSafeLogger - INFO - get_user_accounts executed successfully.
